<?xml version="1.0" encoding="UTF-8"?>
<testsuite xmlns:xsi="http://www.w3.org/2001/XMLSchema-instance" xsi:noNamespaceSchemaLocation="https://maven.apache.org/surefire/maven-surefire-plugin/xsd/surefire-test-report.xsd" name="mooc.TestPlaform" time="0.147" tests="9" errors="4" skipped="0" failures="4">
  <properties>
    <property name="sun.desktop" value="windows"/>
    <property name="awt.toolkit" value="sun.awt.windows.WToolkit"/>
    <property name="file.encoding.pkg" value="sun.io"/>
    <property name="java.specification.version" value="1.8"/>
    <property name="sun.cpu.isalist" value="amd64"/>
    <property name="sun.jnu.encoding" value="Cp1252"/>
    <property name="java.class.path" value="C:\Users\smaury01\Desktop\Examen2\target\test-classes;C:\Users\smaury01\Desktop\Examen2\target\classes;C:\Users\smaury01\.m2\repository\org\junit\jupiter\junit-jupiter-api\5.7.0\junit-jupiter-api-5.7.0.jar;C:\Users\smaury01\.m2\repository\org\apiguardian\apiguardian-api\1.1.0\apiguardian-api-1.1.0.jar;C:\Users\smaury01\.m2\repository\org\opentest4j\opentest4j\1.2.0\opentest4j-1.2.0.jar;C:\Users\smaury01\.m2\repository\org\junit\platform\junit-platform-commons\1.7.0\junit-platform-commons-1.7.0.jar;C:\Users\smaury01\.m2\repository\org\junit\jupiter\junit-jupiter-engine\5.7.0\junit-jupiter-engine-5.7.0.jar;C:\Users\smaury01\.m2\repository\org\junit\platform\junit-platform-engine\1.7.0\junit-platform-engine-1.7.0.jar;"/>
    <property name="java.vm.vendor" value="Oracle Corporation"/>
    <property name="sun.arch.data.model" value="64"/>
    <property name="user.variant" value=""/>
    <property name="java.vendor.url" value="http://java.oracle.com/"/>
    <property name="user.timezone" value="Europe/Paris"/>
    <property name="java.vm.specification.version" value="1.8"/>
    <property name="os.name" value="Windows 10"/>
    <property name="sun.java.launcher" value="SUN_STANDARD"/>
    <property name="user.country" value="FR"/>
    <property name="sun.boot.library.path" value="C:\Program Files\Java\jdk1.8.0_162\jre\bin"/>
    <property name="sun.java.command" value="C:\Users\smaury01\AppData\Local\Temp\surefire1868518865778172488\surefirebooter438660585982152627.jar C:\Users\smaury01\AppData\Local\Temp\surefire1868518865778172488 2021-03-01T09-36-00_152-jvmRun1 surefire7646893835003493158tmp surefire_0804072834856106090tmp"/>
    <property name="surefire.test.class.path" value="C:\Users\smaury01\Desktop\Examen2\target\test-classes;C:\Users\smaury01\Desktop\Examen2\target\classes;C:\Users\smaury01\.m2\repository\org\junit\jupiter\junit-jupiter-api\5.7.0\junit-jupiter-api-5.7.0.jar;C:\Users\smaury01\.m2\repository\org\apiguardian\apiguardian-api\1.1.0\apiguardian-api-1.1.0.jar;C:\Users\smaury01\.m2\repository\org\opentest4j\opentest4j\1.2.0\opentest4j-1.2.0.jar;C:\Users\smaury01\.m2\repository\org\junit\platform\junit-platform-commons\1.7.0\junit-platform-commons-1.7.0.jar;C:\Users\smaury01\.m2\repository\org\junit\jupiter\junit-jupiter-engine\5.7.0\junit-jupiter-engine-5.7.0.jar;C:\Users\smaury01\.m2\repository\org\junit\platform\junit-platform-engine\1.7.0\junit-platform-engine-1.7.0.jar;"/>
    <property name="sun.cpu.endian" value="little"/>
    <property name="user.home" value="C:\Users\smaury01"/>
    <property name="user.language" value="fr"/>
    <property name="java.specification.vendor" value="Oracle Corporation"/>
    <property name="java.home" value="C:\Program Files\Java\jdk1.8.0_162\jre"/>
    <property name="basedir" value="C:\Users\smaury01\Desktop\Examen2"/>
    <property name="file.separator" value="\"/>
    <property name="line.separator" value="&#10;"/>
    <property name="java.vm.specification.vendor" value="Oracle Corporation"/>
    <property name="java.specification.name" value="Java Platform API Specification"/>
    <property name="java.awt.graphicsenv" value="sun.awt.Win32GraphicsEnvironment"/>
    <property name="surefire.real.class.path" value="C:\Users\smaury01\AppData\Local\Temp\surefire1868518865778172488\surefirebooter438660585982152627.jar;C:\\Users\\smaury01\\.m2\\repository\\org\\jacoco\\org.jacoco.agent\\0.8.6\\org.jacoco.agent-0.8.6-runtime.jar"/>
    <property name="sun.boot.class.path" value="C:\Program Files\Java\jdk1.8.0_162\jre\lib\resources.jar;C:\Program Files\Java\jdk1.8.0_162\jre\lib\rt.jar;C:\Program Files\Java\jdk1.8.0_162\jre\lib\sunrsasign.jar;C:\Program Files\Java\jdk1.8.0_162\jre\lib\jsse.jar;C:\Program Files\Java\jdk1.8.0_162\jre\lib\jce.jar;C:\Program Files\Java\jdk1.8.0_162\jre\lib\charsets.jar;C:\Program Files\Java\jdk1.8.0_162\jre\lib\jfr.jar;C:\Program Files\Java\jdk1.8.0_162\jre\classes"/>
    <property name="user.script" value=""/>
    <property name="sun.management.compiler" value="HotSpot 64-Bit Tiered Compilers"/>
    <property name="java.runtime.version" value="1.8.0_162-b12"/>
    <property name="user.name" value="smaury01"/>
    <property name="path.separator" value=";"/>
    <property name="os.version" value="10.0"/>
    <property name="java.endorsed.dirs" value="C:\Program Files\Java\jdk1.8.0_162\jre\lib\endorsed"/>
    <property name="java.runtime.name" value="Java(TM) SE Runtime Environment"/>
    <property name="file.encoding" value="UTF-8"/>
    <property name="java.vm.name" value="Java HotSpot(TM) 64-Bit Server VM"/>
    <property name="maven.ext.class.path" value="C:\Program Files\NetBeans-12.0\netbeans\java\maven-nblib\netbeans-eventspy.jar"/>
    <property name="localRepository" value="C:\Users\smaury01\.m2\repository"/>
    <property name="java.vendor.url.bug" value="http://bugreport.sun.com/bugreport/"/>
    <property name="java.io.tmpdir" value="C:\Users\smaury01\AppData\Local\Temp\"/>
    <property name="java.version" value="1.8.0_162"/>
    <property name="user.dir" value="C:\Users\smaury01\Desktop\Examen2"/>
    <property name="os.arch" value="amd64"/>
    <property name="java.vm.specification.name" value="Java Virtual Machine Specification"/>
    <property name="java.awt.printerjob" value="sun.awt.windows.WPrinterJob"/>
    <property name="sun.os.patch.level" value=""/>
    <property name="java.library.path" value="C:\Program Files\Java\jdk1.8.0_162\jre\bin;C:\Windows\Sun\Java\bin;C:\Windows\system32;C:\Windows;C:\Program Files (x86)\Intel\iCLS Client\;C:\Program Files\Intel\iCLS Client\;C:\sybase\OCS-15_0\lib3p;C:\sybase\OCS-15_0\dll;C:\sybase\OCS-15_0\bin;C:\OCaml\bin;C:\WINDOWS\system32;C:\WINDOWS;C:\WINDOWS\System32\Wbem;C:\WINDOWS\System32\WindowsPowerShell\v1.0\;C:\Program Files (x86)\GNU\GnuPG\pub;C:\Program Files (x86)\Windows Live\Shared;C:\Program Files\jEdit;C:\CamlLight\bin;C:\ProgramData\chocolatey\bin;C:\Program Files\MATLAB\R2016b\bin;C:\Program Files (x86)\AMD\ATI.ACE\Core-Static;C:\Program Files\OpenSSH-Win64;C:\Users\Administrateur\AppData\Local\Microsoft\WindowsApps;C:\Program Files (x86)\Bitvise SSH Client;C:\Program Files\apache-maven-3.5.0\bin;C:\Program Files (x86)\Microsoft SQL Server\110\Tools\Binn\;C:\Program Files (x86)\Microsoft SQL Server\110\DTS\Binn\;C:\Program Files\WinPython-64bit-3.5.4.0Qt5\python-3.5.4.amd64;C:\Program Files\WinPython-64bit-3.5.4.0Qt5\python-3.5.4.amd64\Scripts;C:\Program Files (x86)\Intel\Intel(R) Management Engine Components\DAL;C:\Program Files\Intel\Intel(R) Management Engine Components\DAL;C:\Program Files (x86)\Intel\Intel(R) Management Engine Components\IPT;C:\Program Files\Intel\Intel(R) Management Engine Components\IPT;C:\ProgramData\Oracle\Java\javapath;C:\oracle;C:\Program Files\Java\jdk1.8.0_162\bin;C:\Program Files\Microsoft Windows Performance Toolkit\;C:\postgresql\pg10\bin;C:\Program Files\postgresql\pg10\bin;C:\Program Files\TortoiseGit\bin;C:\Program Files\postgresql\10\bin;C:\Windows\system32;C:\Windows;C:\Windows\System32\Wbem;C:\Windows\System32\WindowsPowerShell\v1.0\;C:\Windows\System32\OpenSSH\;C:\HashiCorp\Vagrant\bin;C:\Program Files\Git\cmd;C:\Program Files\nodejs\;C:\Users\Administrateur\scoop\shims;C:\Users\Administrateur\AppData\Local\Microsoft\WindowsApps;C:\Program Files\Oracle\VirtualBox;C:\Users\Administrateur\AppData\Local\atom\bin;C:\Program Files\Microsoft VS Code\bin;C:\Users\dsiun\AppData\Roaming\npm;%USERPROFILE%\AppData\Local\Microsoft\WindowsApps;;."/>
    <property name="java.vm.info" value="mixed mode"/>
    <property name="java.vendor" value="Oracle Corporation"/>
    <property name="java.vm.version" value="25.162-b12"/>
    <property name="java.ext.dirs" value="C:\Program Files\Java\jdk1.8.0_162\jre\lib\ext;C:\Windows\Sun\Java\lib\ext"/>
    <property name="sun.io.unicode.encoding" value="UnicodeLittle"/>
    <property name="java.class.version" value="52.0"/>
  </properties>
  <testcase name="testAcceptNull" classname="mooc.TestPlaform" time="0.078">
    <error message="name is null" type="java.lang.IllegalArgumentException">java.lang.IllegalArgumentException: name is null
	at mooc.TestPlaform.testAcceptNull(TestPlaform.java:120)
</error>
  </testcase>
  <testcase name="testNoDuplicateRegistration" classname="mooc.TestPlaform" time="0">
    <error message="Pas encore implémenté" type="java.lang.UnsupportedOperationException">java.lang.UnsupportedOperationException: Pas encore implémenté
	at mooc.TestPlaform.testNoDuplicateRegistration(TestPlaform.java:38)
</error>
  </testcase>
  <testcase name="testCheckCourse" classname="mooc.TestPlaform" time="0">
    <failure message="Il faut un cours dispensé par l&apos;université" type="org.opentest4j.AssertionFailedError">org.opentest4j.AssertionFailedError: Il faut un cours dispensé par l'université
	at mooc.TestPlaform.testCheckCourse(TestPlaform.java:135)
</failure>
  </testcase>
  <testcase name="testCheckPerson" classname="mooc.TestPlaform" time="0.009">
    <failure message="Il faut un étudiant inscrit à l&apos;université" type="org.opentest4j.AssertionFailedError">org.opentest4j.AssertionFailedError: Il faut un étudiant inscrit à l'université
	at mooc.TestPlaform.testCheckPerson(TestPlaform.java:148)
</failure>
  </testcase>
  <testcase name="testCannotUnregister" classname="mooc.TestPlaform" time="0">
    <failure message="On ne doit pas désisncrire un étudiant qui a déjà une note" type="org.opentest4j.AssertionFailedError">org.opentest4j.AssertionFailedError: On ne doit pas désisncrire un étudiant qui a déjà une note
	at mooc.TestPlaform.testCannotUnregister(TestPlaform.java:84)
</failure>
  </testcase>
  <testcase name="testAccept" classname="mooc.TestPlaform" time="0">
    <error type="java.lang.NullPointerException">java.lang.NullPointerException
	at mooc.TestPlaform.testAccept(TestPlaform.java:108)
</error>
  </testcase>
  <testcase name="testCannotChangeMark" classname="mooc.TestPlaform" time="0">
    <failure message="On ne peut pas changer une note" type="org.opentest4j.AssertionFailedError">org.opentest4j.AssertionFailedError: On ne peut pas changer une note
	at mooc.TestPlaform.testCannotChangeMark(TestPlaform.java:98)
</failure>
  </testcase>
  <testcase name="testNoMark" classname="mooc.TestPlaform" time="0.009"/>
  <testcase name="testGiveMark" classname="mooc.TestPlaform" time="0.001">
    <error message="Pas encore implémenté" type="java.lang.UnsupportedOperationException">java.lang.UnsupportedOperationException: Pas encore implémenté
	at mooc.TestPlaform.testGiveMark(TestPlaform.java:54)
</error>
  </testcase>
</testsuite>